2022-11-04 20:33:38 INFO  MemberProgram:23 - Introduce el numero de opcion que quieras ejecutar
1. 'Listar'
2. 'Añadir'
3. 'Eliminar'
4. 'Salir'
2022-11-04 20:33:49 INFO  MemberProgram:23 - Introduce el numero de opcion que quieras ejecutar
1. 'Listar'
2. 'Añadir'
3. 'Eliminar'
4. 'Salir'
2022-11-04 20:33:54 INFO  MemberReader:15 - Introduce el NIF del socio
2022-11-04 20:33:54 INFO  MemberReader:17 - Introduce el nombre del usuario con NIF 
2022-11-05 12:42:35 INFO  MemberProgram:23 - Introduce el numero de opcion que quieras ejecutar
1. 'Listar'
2. 'Añadir'
3. 'Eliminar'
4. 'Salir'
2022-11-05 12:43:27 INFO  MemberProgram:23 - Introduce el numero de opcion que quieras ejecutar
1. 'Listar'
2. 'Añadir'
3. 'Eliminar'
4. 'Salir'
2022-11-05 12:43:38 INFO  MemberProgram:23 - Introduce el numero de opcion que quieras ejecutar
1. 'Listar'
2. 'Añadir'
3. 'Eliminar'
4. 'Salir'
2022-11-05 12:43:45 INFO  MemberProgram:23 - Introduce el numero de opcion que quieras ejecutar
1. 'Listar'
2. 'Añadir'
3. 'Eliminar'
4. 'Salir'
2022-11-05 12:44:29 INFO  MemberProgram:23 - Introduce el numero de opcion que quieras ejecutar
1. 'Listar'
2. 'Añadir'
3. 'Eliminar'
4. 'Salir'
2022-11-05 12:44:40 INFO  MemberProgram:23 - Introduce el numero de opcion que quieras ejecutar
1. 'Listar'
2. 'Añadir'
3. 'Eliminar'
4. 'Salir'
2022-11-05 12:45:03 INFO  MemberProgram:23 - Introduce el numero de opcion que quieras ejecutar
1. 'Listar'
2. 'Añadir'
3. 'Eliminar'
4. 'Salir'
2022-11-05 12:45:08 INFO  MemberProgram:23 - Introduce el numero de opcion que quieras ejecutar
1. 'Listar'
2. 'Añadir'
3. 'Eliminar'
4. 'Salir'
2022-11-05 12:45:14 INFO  MemberProgram:23 - Introduce el numero de opcion que quieras ejecutar
1. 'Listar'
2. 'Añadir'
3. 'Eliminar'
4. 'Salir'
2022-11-05 12:45:17 INFO  MemberProgram:23 - Introduce el numero de opcion que quieras ejecutar
1. 'Listar'
2. 'Añadir'
3. 'Eliminar'
4. 'Salir'
2022-11-05 12:46:33 INFO  MemberProgram:24 - Introduce el numero de opcion que quieras ejecutar
1. 'Listar'
2. 'Añadir'
3. 'Eliminar'
4. 'Salir'
2022-11-05 12:46:35 INFO  MemberProgram:24 - Introduce el numero de opcion que quieras ejecutar
1. 'Listar'
2. 'Añadir'
3. 'Eliminar'
4. 'Salir'
2022-11-05 12:47:28 INFO  MemberProgram:24 - Introduce el numero de opcion que quieras ejecutar
1. 'Listar'
2. 'Añadir'
3. 'Eliminar'
4. 'Salir'
2022-11-05 12:47:57 INFO  MemberProgram:24 - Introduce el numero de opcion que quieras ejecutar
1. 'Listar'
2. 'Añadir'
3. 'Eliminar'
4. 'Salir'
2022-11-05 12:48:24 INFO  MemberProgram:24 - Introduce el numero de opcion que quieras ejecutar
1. 'Listar'
2. 'Añadir'
3. 'Eliminar'
4. 'Salir'
2022-11-05 12:48:59 INFO  MemberProgram:24 - Introduce el numero de opcion que quieras ejecutar
1. 'Listar'
2. 'Añadir'
3. 'Eliminar'
4. 'Salir'
2022-11-05 12:49:01 INFO  MemberProgram:24 - Introduce el numero de opcion que quieras ejecutar
1. 'Listar'
2. 'Añadir'
3. 'Eliminar'
4. 'Salir'
2022-11-05 12:49:03 INFO  MemberProgram:24 - Introduce el numero de opcion que quieras ejecutar
1. 'Listar'
2. 'Añadir'
3. 'Eliminar'
4. 'Salir'
2022-11-05 12:50:16 INFO  MemberProgram:24 - Introduce el numero de opcion que quieras ejecutar
1. 'Listar'
2. 'Añadir'
3. 'Eliminar'
4. 'Salir'
2022-11-05 12:50:30 INFO  MemberProgram:24 - Introduce el numero de opcion que quieras ejecutar
1. 'Listar'
2. 'Añadir'
3. 'Eliminar'
4. 'Salir'
2022-11-05 12:50:31 INFO  MemberProgram:24 - Introduce el numero de opcion que quieras ejecutar
1. 'Listar'
2. 'Añadir'
3. 'Eliminar'
4. 'Salir'
2022-11-05 12:51:03 INFO  MemberProgram:38 - Introduce el NIF del usuario a eliminar
2022-11-05 12:51:03 INFO  MemberProgram:24 - Introduce el numero de opcion que quieras ejecutar
1. 'Listar'
2. 'Añadir'
3. 'Eliminar'
4. 'Salir'
